
> cecelia-playground@0.1.0 test
> vitest run --reporter=verbose


 RUN  v4.1.6 /workspace/playground

 × tests/echo.test.js > GET /echo > GET /echo?msg=hello → 200 + {echo: "hello"} 12ms
   → expected 404 to be 200 // Object.is equality
 × tests/echo.test.js > GET /echo > GET /echo?msg= → 200 + {echo: ""}（空字符串非 null） 2ms
   → expected 404 to be 200 // Object.is equality
 × tests/echo.test.js > GET /echo > response keys 完整性 == ["echo"]（不允许多余字段） 1ms
   → expected 404 to be 200 // Object.is equality
 × tests/echo.test.js > GET /echo > 禁用 key 反向：message/result/response/data/output/text/reply/body/msg 均不存在 1ms
   → expected 404 to be 200 // Object.is equality
 ✓ tests/server.test.js > playground server > GET /health → 200 {ok: true} 7ms
 ✓ tests/server.test.js > GET /sum > GET /sum?a=2&b=3 → 200 + {sum:5} 2ms
 ✓ tests/server.test.js > GET /sum > GET /sum?a=2 (b 缺失) → 400 + 非空 error 1ms
 ✓ tests/server.test.js > GET /sum > GET /sum (双参数都缺) → 400 + 非空 error 1ms
 ✓ tests/server.test.js > GET /sum > GET /sum?a=abc&b=3 (a 非数字) → 400 + error，body 不含 sum 2ms
 ✓ tests/server.test.js > GET /sum > GET /sum?a=-1&b=1 → 200 + {sum:0} (负数合法) 1ms
 ✓ tests/server.test.js > GET /sum > GET /sum?a=1.5&b=2.5 → 200 + {sum:4} (小数合法) 1ms
 ✓ tests/server.test.js > GET /sum > GET /sum?a=0&b=0 → 200 + {sum:0} (零合法) 1ms
 ✓ tests/server.test.js > GET /multiply (strict-schema) > GET /multiply?a=2&b=3 → 200 + {product:6} 1ms
 ✓ tests/server.test.js > GET /multiply (strict-schema) > GET /multiply?a=0&b=5 → 200 + {product:0} (零合法) 1ms
 ✓ tests/server.test.js > GET /multiply (strict-schema) > GET /multiply?a=-2&b=3 → 200 + {product:-6} (负数合法) 1ms
 ✓ tests/server.test.js > GET /multiply (strict-schema) > GET /multiply?a=1.5&b=2 → 200 + {product:3} (标准小数合法) 1ms
 ✓ tests/server.test.js > GET /multiply (strict-schema) > GET /multiply?a=2 (缺 b) → 400 + 非空 error，body 不含 product 1ms
 ✓ tests/server.test.js > GET /multiply (strict-schema) > GET /multiply (双参数都缺) → 400 + 非空 error 1ms
 ✓ tests/server.test.js > GET /multiply (strict-schema) > GET /multiply?a=1e3&b=2 (科学计数法) → 400 + 非空 error，body 不含 product 1ms
 ✓ tests/server.test.js > GET /multiply (strict-schema) > GET /multiply?a=Infinity&b=2 → 400 + 非空 error，body 不含 product 1ms
 ✓ tests/server.test.js > GET /multiply (strict-schema) > GET /multiply?a=NaN&b=2 → 400 + 非空 error 1ms
 ✓ tests/server.test.js > GET /multiply (strict-schema) > GET /multiply?a=+2&b=3 (前导正号) → 400 + 非空 error 1ms
 ✓ tests/server.test.js > GET /multiply (strict-schema) > GET /multiply?a=.5&b=2 (小数点缺整数部分) → 400 + 非空 error 1ms
 ✓ tests/server.test.js > GET /multiply (strict-schema) > GET /multiply?a=5.&b=2 (小数点缺小数部分) → 400 + 非空 error 1ms
 ✓ tests/server.test.js > GET /multiply (strict-schema) > GET /multiply?a=0xff&b=2 (十六进制) → 400 + 非空 error 1ms
 ✓ tests/server.test.js > GET /multiply (strict-schema) > GET /multiply?a=1,000&b=2 (千分位) → 400 + 非空 error 43ms
 ✓ tests/server.test.js > GET /multiply (strict-schema) > GET /multiply?a=&b=3 (空字符串) → 400 + 非空 error 1ms
 ✓ tests/server.test.js > GET /multiply (strict-schema) > GET /multiply?a=abc&b=3 (非数字) → 400 + error，body 不含 product 1ms
 ✓ tests/server.test.js > GET /divide (strict-schema + 除零兜底 + oracle) > GET /divide?a=6&b=2 → 200 + {quotient:3} 1ms
 ✓ tests/server.test.js > GET /divide (strict-schema + 除零兜底 + oracle) > GET /divide?a=1&b=3 → 200 + body.quotient === Number("1")/Number("3") (oracle 严格相等) 1ms
 ✓ tests/server.test.js > GET /divide (strict-schema + 除零兜底 + oracle) > GET /divide?a=-6&b=2 → 200 + {quotient:-3} (负被除数合法) 1ms
 ✓ tests/server.test.js > GET /divide (strict-schema + 除零兜底 + oracle) > GET /divide?a=6&b=-2 → 200 + {quotient:-3} (负除数合法) 1ms
 ✓ tests/server.test.js > GET /divide (strict-schema + 除零兜底 + oracle) > GET /divide?a=0&b=5 → 200 + {quotient:0} (被除数为 0 合法) 0ms
 ✓ tests/server.test.js > GET /divide (strict-schema + 除零兜底 + oracle) > GET /divide?a=1.5&b=0.5 → 200 + body.quotient === Number("1.5")/Number("0.5") (小数 + oracle) 1ms
 ✓ tests/server.test.js > GET /divide (strict-schema + 除零兜底 + oracle) > GET /divide?a=5&b=0 → 400 + 非空 error，body 不含 quotient (除零兜底) 0ms
 ✓ tests/server.test.js > GET /divide (strict-schema + 除零兜底 + oracle) > GET /divide?a=0&b=0 → 400 + 非空 error，body 不含 quotient (0/0 也拒) 0ms
 ✓ tests/server.test.js > GET /divide (strict-schema + 除零兜底 + oracle) > GET /divide?a=6&b=0.0 → 400 + 非空 error，body 不含 quotient (b=0.0 也算零) 0ms
 ✓ tests/server.test.js > GET /divide (strict-schema + 除零兜底 + oracle) > GET /divide?a=6 (缺 b) → 400 + 非空 error，body 不含 quotient 0ms
 ✓ tests/server.test.js > GET /divide (strict-schema + 除零兜底 + oracle) > GET /divide?b=2 (缺 a) → 400 + 非空 error 0ms
 ✓ tests/server.test.js > GET /divide (strict-schema + 除零兜底 + oracle) > GET /divide (双参数都缺) → 400 + 非空 error 0ms
 ✓ tests/server.test.js > GET /divide (strict-schema + 除零兜底 + oracle) > GET /divide?a=1e3&b=2 (科学计数法) → 400 + 非空 error，body 不含 quotient 0ms
 ✓ tests/server.test.js > GET /divide (strict-schema + 除零兜底 + oracle) > GET /divide?a=Infinity&b=2 → 400 + 非空 error，body 不含 quotient 0ms
 ✓ tests/server.test.js > GET /divide (strict-schema + 除零兜底 + oracle) > GET /divide?a=6&b=NaN → 400 + 非空 error 0ms
 ✓ tests/server.test.js > GET /divide (strict-schema + 除零兜底 + oracle) > GET /divide?a=+6&b=2 (前导正号 → URL 编码后 %2B6) → 400 + 非空 error 0ms
 ✓ tests/server.test.js > GET /divide (strict-schema + 除零兜底 + oracle) > GET /divide?a=.5&b=2 (小数点缺整数部分) → 400 + 非空 error 0ms
 ✓ tests/server.test.js > GET /divide (strict-schema + 除零兜底 + oracle) > GET /divide?a=0xff&b=2 (十六进制) → 400 + 非空 error 0ms
 ✓ tests/server.test.js > GET /divide (strict-schema + 除零兜底 + oracle) > GET /divide?a=&b=3 (空字符串) → 400 + 非空 error 0ms
 ✓ tests/server.test.js > GET /divide (strict-schema + 除零兜底 + oracle) > GET /divide?a=abc&b=3 (非数字) → 400 + error，body 不含 quotient 1ms
 ✓ tests/server.test.js > GET /power (strict-schema + 0^0 拒 + 结果有限性兜底 + oracle) > GET /power?a=2&b=10 → 200 + {power:1024} (整数指数 happy) 0ms
 ✓ tests/server.test.js > GET /power (strict-schema + 0^0 拒 + 结果有限性兜底 + oracle) > GET /power?a=2&b=0.5 → oracle 严格相等 (开方语义, oracle 探针 #1) 0ms
 ✓ tests/server.test.js > GET /power (strict-schema + 0^0 拒 + 结果有限性兜底 + oracle) > GET /power?a=4&b=0.5 → 200 + {power:2} (整数开方结果) 0ms
 ✓ tests/server.test.js > GET /power (strict-schema + 0^0 拒 + 结果有限性兜底 + oracle) > GET /power?a=2&b=-2 → oracle 严格相等 (负指数, oracle 探针 #2) 0ms
 ✓ tests/server.test.js > GET /power (strict-schema + 0^0 拒 + 结果有限性兜底 + oracle) > GET /power?a=-2&b=3 → 200 + {power:-8} (负底奇整指合法) 0ms
 ✓ tests/server.test.js > GET /power (strict-schema + 0^0 拒 + 结果有限性兜底 + oracle) > GET /power?a=-2&b=2 → 200 + {power:4} (负底偶整指合法) 0ms
 ✓ tests/server.test.js > GET /power (strict-schema + 0^0 拒 + 结果有限性兜底 + oracle) > GET /power?a=5&b=0 → 200 + {power:1} (任意非零^0=1) 0ms
 ✓ tests/server.test.js > GET /power (strict-schema + 0^0 拒 + 结果有限性兜底 + oracle) > GET /power?a=0&b=5 → 200 + {power:0} (0^正=0) 0ms
 ✓ tests/server.test.js > GET /power (strict-schema + 0^0 拒 + 结果有限性兜底 + oracle) > GET /power?a=1&b=99999 → 200 + {power:1} (1^N=1 不溢出) 1ms
 ✓ tests/server.test.js > GET /power (strict-schema + 0^0 拒 + 结果有限性兜底 + oracle) > GET /power?a=2&b=10 响应顶层 keys 严格等于 ["power"] (schema oracle) 0ms
 ✓ tests/server.test.js > GET /power (strict-schema + 0^0 拒 + 结果有限性兜底 + oracle) > GET /power?a=0&b=0 → 400 + 不含 power (0^0 不定式拒，不允许 JS 0**0===1 滑过) 1ms
 ✓ tests/server.test.js > GET /power (strict-schema + 0^0 拒 + 结果有限性兜底 + oracle) > GET /power?a=0&b=-1 → 400 + 不含 power (0^负=Infinity 拒) 0ms
 ✓ tests/server.test.js > GET /power (strict-schema + 0^0 拒 + 结果有限性兜底 + oracle) > GET /power?a=0&b=-3 → 400 + 不含 power (0^负整=Infinity 拒) 0ms
 ✓ tests/server.test.js > GET /power (strict-schema + 0^0 拒 + 结果有限性兜底 + oracle) > GET /power?a=-2&b=0.5 → 400 + 不含 power (负^分=NaN 拒) 1ms
 ✓ tests/server.test.js > GET /power (strict-schema + 0^0 拒 + 结果有限性兜底 + oracle) > GET /power?a=-8&b=0.5 → 400 + 不含 power (负^分=NaN 拒) 0ms
 ✓ tests/server.test.js > GET /power (strict-schema + 0^0 拒 + 结果有限性兜底 + oracle) > GET /power?a=10&b=1000 → 400 + 不含 power (溢出=Infinity 拒) 1ms
 ✓ tests/server.test.js > GET /power (strict-schema + 0^0 拒 + 结果有限性兜底 + oracle) > GET /power?a=2&b=10000 → 400 + 不含 power (溢出=Infinity 拒) 0ms
 ✓ tests/server.test.js > GET /power (strict-schema + 0^0 拒 + 结果有限性兜底 + oracle) > GET /power?a=2 (缺 b) → 400 + 非空 error，body 不含 power 0ms
 ✓ tests/server.test.js > GET /power (strict-schema + 0^0 拒 + 结果有限性兜底 + oracle) > GET /power?b=3 (缺 a) → 400 + 非空 error 1ms
 ✓ tests/server.test.js > GET /power (strict-schema + 0^0 拒 + 结果有限性兜底 + oracle) > GET /power (双参数都缺) → 400 + 非空 error 0ms
 ✓ tests/server.test.js > GET /power (strict-schema + 0^0 拒 + 结果有限性兜底 + oracle) > GET /power?a=1e3&b=2 (科学计数法) → 400 + 不含 power 0ms
 ✓ tests/server.test.js > GET /power (strict-schema + 0^0 拒 + 结果有限性兜底 + oracle) > GET /power?a=Infinity&b=2 → 400 + 不含 power 0ms
 ✓ tests/server.test.js > GET /power (strict-schema + 0^0 拒 + 结果有限性兜底 + oracle) > GET /power?a=2&b=NaN → 400 + 非空 error 1ms
 ✓ tests/server.test.js > GET /power (strict-schema + 0^0 拒 + 结果有限性兜底 + oracle) > GET /power?a=+2&b=3 (前导正号) → 400 + 非空 error 0ms
 ✓ tests/server.test.js > GET /power (strict-schema + 0^0 拒 + 结果有限性兜底 + oracle) > GET /power?a=.5&b=2 (小数点缺整数部分) → 400 + 非空 error 0ms
 ✓ tests/server.test.js > GET /power (strict-schema + 0^0 拒 + 结果有限性兜底 + oracle) > GET /power?a=2.&b=3 (小数点缺小数部分) → 400 + 非空 error 0ms
 ✓ tests/server.test.js > GET /power (strict-schema + 0^0 拒 + 结果有限性兜底 + oracle) > GET /power?a=0xff&b=2 (十六进制) → 400 + 非空 error 0ms
 ✓ tests/server.test.js > GET /power (strict-schema + 0^0 拒 + 结果有限性兜底 + oracle) > GET /power?a=1,000&b=2 (千分位) → 400 + 非空 error 0ms
 ✓ tests/server.test.js > GET /power (strict-schema + 0^0 拒 + 结果有限性兜底 + oracle) > GET /power?a=&b=3 (空字符串) → 400 + 非空 error 0ms
 ✓ tests/server.test.js > GET /power (strict-schema + 0^0 拒 + 结果有限性兜底 + oracle) > GET /power?a=abc&b=3 (非数字) → 400 + error，body 不含 power 0ms
 ✓ tests/server.test.js > GET /modulo (strict-schema + 除零拒 + 符号不变量 oracle) > GET /modulo?a=5&b=3 → 200 + {remainder:2} (正正整数 happy) 0ms
 ✓ tests/server.test.js > GET /modulo (strict-schema + 除零拒 + 符号不变量 oracle) > GET /modulo?a=10&b=3 → 200 + {remainder:1} 0ms
 ✓ tests/server.test.js > GET /modulo (strict-schema + 除零拒 + 符号不变量 oracle) > GET /modulo?a=7&b=2 → 200 + {remainder:1} 0ms
 ✓ tests/server.test.js > GET /modulo (strict-schema + 除零拒 + 符号不变量 oracle) > GET /modulo?a=6&b=2 → 200 + {remainder:0} (整除) 0ms
 ✓ tests/server.test.js > GET /modulo (strict-schema + 除零拒 + 符号不变量 oracle) > GET /modulo?a=5.5&b=2 → 200 + {remainder:1.5} (浮点) 0ms
 ✓ tests/server.test.js > GET /modulo (strict-schema + 除零拒 + 符号不变量 oracle) > GET /modulo?a=0&b=5 → 200 + {remainder:0} (被除数 0) 0ms
 ✓ tests/server.test.js > GET /modulo (strict-schema + 除零拒 + 符号不变量 oracle) > GET /modulo?a=0&b=-5 → 200 + {remainder:0} (被除数 0 + 负除数) 0ms
 ✓ tests/server.test.js > GET /modulo (strict-schema + 除零拒 + 符号不变量 oracle) > GET /modulo?a=1&b=3 → oracle 严格相等 (值复算 #1) 0ms
 ✓ tests/server.test.js > GET /modulo (strict-schema + 除零拒 + 符号不变量 oracle) > GET /modulo?a=-7&b=2 → oracle 严格相等 (值复算 #2，覆盖负被除数) 0ms
 ✓ tests/server.test.js > GET /modulo (strict-schema + 除零拒 + 符号不变量 oracle) > GET /modulo?a=-5&b=3 → 200 + {remainder:-2} (符号跟随被除数 -5，floored mod 实现必挂) 0ms
 ✓ tests/server.test.js > GET /modulo (strict-schema + 除零拒 + 符号不变量 oracle) > GET /modulo?a=-5&b=3 → Math.sign(remainder) === -1 (符号不变量探针 #1，负被除数) 1ms
 ✓ tests/server.test.js > GET /modulo (strict-schema + 除零拒 + 符号不变量 oracle) > GET /modulo?a=5&b=-3 → 200 + {remainder:2} (符号跟随被除数 5) 0ms
 ✓ tests/server.test.js > GET /modulo (strict-schema + 除零拒 + 符号不变量 oracle) > GET /modulo?a=5&b=-3 → Math.sign(remainder) === 1 (符号不变量探针 #2，正被除数 + 负除数) 0ms
 ✓ tests/server.test.js > GET /modulo (strict-schema + 除零拒 + 符号不变量 oracle) > GET /modulo?a=-5&b=-3 → 200 + {remainder:-2} (符号跟随被除数 -5，双负) 0ms
 ✓ tests/server.test.js > GET /modulo (strict-schema + 除零拒 + 符号不变量 oracle) > GET /modulo?a=5&b=3 响应顶层 keys 严格等于 ["remainder"] (schema oracle) 0ms
 ✓ tests/server.test.js > GET /modulo (strict-schema + 除零拒 + 符号不变量 oracle) > GET /modulo?a=5&b=3 成功响应不含禁用同义字段 (反向 schema 完整性探针) 1ms
 ✓ tests/server.test.js > GET /modulo (strict-schema + 除零拒 + 符号不变量 oracle) > GET /modulo?a=5&b=0 → 400 + 非空 error + body 不含 remainder (除零兜底) 0ms
 ✓ tests/server.test.js > GET /modulo (strict-schema + 除零拒 + 符号不变量 oracle) > GET /modulo?a=0&b=0 → 400 + 非空 error + body 不含 remainder (0%0 也归此分支) 0ms
 ✓ tests/server.test.js > GET /modulo (strict-schema + 除零拒 + 符号不变量 oracle) > GET /modulo?a=-5&b=0 → 400 + 非空 error + body 不含 remainder 0ms
 ✓ tests/server.test.js > GET /modulo (strict-schema + 除零拒 + 符号不变量 oracle) > GET /modulo?a=5&b=0.0 → 400 + body 不含 remainder (b=0.0 也算零) 0ms
 ✓ tests/server.test.js > GET /modulo (strict-schema + 除零拒 + 符号不变量 oracle) > GET /modulo?a=5 (缺 b) → 400 + body 不含 remainder 0ms
 ✓ tests/server.test.js > GET /modulo (strict-schema + 除零拒 + 符号不变量 oracle) > GET /modulo?b=3 (缺 a) → 400 + 非空 error 0ms
 ✓ tests/server.test.js > GET /modulo (strict-schema + 除零拒 + 符号不变量 oracle) > GET /modulo (双参数都缺) → 400 + 非空 error 0ms
 ✓ tests/server.test.js > GET /modulo (strict-schema + 除零拒 + 符号不变量 oracle) > GET /modulo?a=1e3&b=2 (科学计数法) → 400 + body 不含 remainder 0ms
 ✓ tests/server.test.js > GET /modulo (strict-schema + 除零拒 + 符号不变量 oracle) > GET /modulo?a=Infinity&b=2 → 400 + body 不含 remainder 0ms
 ✓ tests/server.test.js > GET /modulo (strict-schema + 除零拒 + 符号不变量 oracle) > GET /modulo?a=2&b=NaN → 400 + 非空 error 0ms
 ✓ tests/server.test.js > GET /modulo (strict-schema + 除零拒 + 符号不变量 oracle) > GET /modulo?a=+2&b=3 (前导正号) → 400 + 非空 error 0ms
 ✓ tests/server.test.js > GET /modulo (strict-schema + 除零拒 + 符号不变量 oracle) > GET /modulo?a=.5&b=2 (缺整数部分) → 400 + 非空 error 0ms
 ✓ tests/server.test.js > GET /modulo (strict-schema + 除零拒 + 符号不变量 oracle) > GET /modulo?a=2.&b=3 (缺小数部分) → 400 + 非空 error 0ms
 ✓ tests/server.test.js > GET /modulo (strict-schema + 除零拒 + 符号不变量 oracle) > GET /modulo?a=0xff&b=2 (十六进制) → 400 + 非空 error 0ms
 ✓ tests/server.test.js > GET /modulo (strict-schema + 除零拒 + 符号不变量 oracle) > GET /modulo?a=1,000&b=2 (千分位) → 400 + 非空 error 0ms
 ✓ tests/server.test.js > GET /modulo (strict-schema + 除零拒 + 符号不变量 oracle) > GET /modulo?a=&b=3 (空字符串) → 400 + 非空 error 0ms
 ✓ tests/server.test.js > GET /modulo (strict-schema + 除零拒 + 符号不变量 oracle) > GET /modulo?a=abc&b=3 (非数字) → 400 + body 不含 remainder 0ms
 ✓ tests/server.test.js > GET /modulo (strict-schema + 除零拒 + 符号不变量 oracle) > GET /modulo?a=foo&b=3 错误响应顶层 keys 严格等于 ["error"] 0ms
 ✓ tests/server.test.js > GET /factorial — int-only strict-schema + 上界 18 拒 + 跨调用递推不变量 oracle [BEHAVIOR] > GET /factorial?n=5 → 200 + {factorial:120}（happy 中段） 0ms
 ✓ tests/server.test.js > GET /factorial — int-only strict-schema + 上界 18 拒 + 跨调用递推不变量 oracle [BEHAVIOR] > GET /factorial?n=2 → 200 + {factorial:2} 0ms
 ✓ tests/server.test.js > GET /factorial — int-only strict-schema + 上界 18 拒 + 跨调用递推不变量 oracle [BEHAVIOR] > GET /factorial?n=3 → 200 + {factorial:6} 0ms
 ✓ tests/server.test.js > GET /factorial — int-only strict-schema + 上界 18 拒 + 跨调用递推不变量 oracle [BEHAVIOR] > GET /factorial?n=10 → 200 + {factorial:3628800} 0ms
 ✓ tests/server.test.js > GET /factorial — int-only strict-schema + 上界 18 拒 + 跨调用递推不变量 oracle [BEHAVIOR] > GET /factorial?n=12 → 200 + {factorial:479001600} 0ms
 ✓ tests/server.test.js > GET /factorial — int-only strict-schema + 上界 18 拒 + 跨调用递推不变量 oracle [BEHAVIOR] > GET /factorial?n=0 → 200 + {factorial:1}（数学定义 0!=1，空积） 0ms
 ✓ tests/server.test.js > GET /factorial — int-only strict-schema + 上界 18 拒 + 跨调用递推不变量 oracle [BEHAVIOR] > GET /factorial?n=1 → 200 + {factorial:1}（1!=1） 0ms
 ✓ tests/server.test.js > GET /factorial — int-only strict-schema + 上界 18 拒 + 跨调用递推不变量 oracle [BEHAVIOR] > GET /factorial?n=18 → 200 + {factorial:6402373705728000}（精度上界，< MAX_SAFE_INTEGER） 1ms
 ✓ tests/server.test.js > GET /factorial — int-only strict-schema + 上界 18 拒 + 跨调用递推不变量 oracle [BEHAVIOR] > GET /factorial?n=6 → oracle 独立复算 720 1ms
 ✓ tests/server.test.js > GET /factorial — int-only strict-schema + 上界 18 拒 + 跨调用递推不变量 oracle [BEHAVIOR] > GET /factorial?n=8 → oracle 独立复算 40320 0ms
 ✓ tests/server.test.js > GET /factorial — int-only strict-schema + 上界 18 拒 + 跨调用递推不变量 oracle [BEHAVIOR] > GET /factorial?n=18 → oracle 独立复算精度边界 0ms
 ✓ tests/server.test.js > GET /factorial — int-only strict-schema + 上界 18 拒 + 跨调用递推不变量 oracle [BEHAVIOR] > 跨调用递推 oracle: f(5) === 5 * f(4) === 120（小数） 1ms
 ✓ tests/server.test.js > GET /factorial — int-only strict-schema + 上界 18 拒 + 跨调用递推不变量 oracle [BEHAVIOR] > 跨调用递推 oracle: f(18) === 18 * f(17)（精度上界，Stirling/Lanczos 必断） 1ms
 ✓ tests/server.test.js > GET /factorial — int-only strict-schema + 上界 18 拒 + 跨调用递推不变量 oracle [BEHAVIOR] > 跨调用递推 oracle: f(1) === 1 * f(0) === 1（数学边界递推） 1ms
 ✓ tests/server.test.js > GET /factorial — int-only strict-schema + 上界 18 拒 + 跨调用递推不变量 oracle [BEHAVIOR] > 跨调用递推 oracle: f(10) === 10 * f(9)（中段） 1ms
 ✓ tests/server.test.js > GET /factorial — int-only strict-schema + 上界 18 拒 + 跨调用递推不变量 oracle [BEHAVIOR] > GET /factorial?n=19 → 400 + error 非空，body 不含 factorial（上界拒） 1ms
 ✓ tests/server.test.js > GET /factorial — int-only strict-schema + 上界 18 拒 + 跨调用递推不变量 oracle [BEHAVIOR] > GET /factorial?n=20 → 400 + 不含 factorial 0ms
 ✓ tests/server.test.js > GET /factorial — int-only strict-schema + 上界 18 拒 + 跨调用递推不变量 oracle [BEHAVIOR] > GET /factorial?n=100 → 400 + 不含 factorial 0ms
 ✓ tests/server.test.js > GET /factorial — int-only strict-schema + 上界 18 拒 + 跨调用递推不变量 oracle [BEHAVIOR] > GET /factorial?n=-1 → 400（负号不合 ^\d+$） 0ms
 ✓ tests/server.test.js > GET /factorial — int-only strict-schema + 上界 18 拒 + 跨调用递推不变量 oracle [BEHAVIOR] > GET /factorial?n=-5 → 400（负号） 0ms
 ✓ tests/server.test.js > GET /factorial — int-only strict-schema + 上界 18 拒 + 跨调用递推不变量 oracle [BEHAVIOR] > GET /factorial?n=5.5 → 400（小数点） 0ms
 ✓ tests/server.test.js > GET /factorial — int-only strict-schema + 上界 18 拒 + 跨调用递推不变量 oracle [BEHAVIOR] > GET /factorial?n=5.0 → 400（小数点，即使数值是整数也拒） 0ms
 ✓ tests/server.test.js > GET /factorial — int-only strict-schema + 上界 18 拒 + 跨调用递推不变量 oracle [BEHAVIOR] > GET /factorial?n=+5 → 400（前导正号） 0ms
 ✓ tests/server.test.js > GET /factorial — int-only strict-schema + 上界 18 拒 + 跨调用递推不变量 oracle [BEHAVIOR] > GET /factorial?n=1e2 → 400（科学计数法） 0ms
 ✓ tests/server.test.js > GET /factorial — int-only strict-schema + 上界 18 拒 + 跨调用递推不变量 oracle [BEHAVIOR] > GET /factorial?n=0xff → 400（十六进制） 0ms
 ✓ tests/server.test.js > GET /factorial — int-only strict-schema + 上界 18 拒 + 跨调用递推不变量 oracle [BEHAVIOR] > GET /factorial?n=1,000 → 400（千分位） 0ms
 ✓ tests/server.test.js > GET /factorial — int-only strict-schema + 上界 18 拒 + 跨调用递推不变量 oracle [BEHAVIOR] > GET /factorial?n= → 400（空串） 0ms
 ✓ tests/server.test.js > GET /factorial — int-only strict-schema + 上界 18 拒 + 跨调用递推不变量 oracle [BEHAVIOR] > GET /factorial?n=abc → 400（字母串） 0ms
 ✓ tests/server.test.js > GET /factorial — int-only strict-schema + 上界 18 拒 + 跨调用递推不变量 oracle [BEHAVIOR] > GET /factorial?n=Infinity → 400 0ms
 ✓ tests/server.test.js > GET /factorial — int-only strict-schema + 上界 18 拒 + 跨调用递推不变量 oracle [BEHAVIOR] > GET /factorial?n=NaN → 400 0ms
 ✓ tests/server.test.js > GET /factorial — int-only strict-schema + 上界 18 拒 + 跨调用递推不变量 oracle [BEHAVIOR] > GET /factorial (无 query) → 400 + error 0ms
 ✓ tests/server.test.js > GET /factorial — int-only strict-schema + 上界 18 拒 + 跨调用递推不变量 oracle [BEHAVIOR] > GET /factorial?n=05 → 200 + {factorial:120}（前导 0，^\d+$ 允许） 0ms
 ✓ tests/server.test.js > GET /factorial — int-only strict-schema + 上界 18 拒 + 跨调用递推不变量 oracle [BEHAVIOR] > 成功响应 schema 完整性: Object.keys 严等 ["factorial"] 1ms
 ✓ tests/server.test.js > GET /factorial — int-only strict-schema + 上界 18 拒 + 跨调用递推不变量 oracle [BEHAVIOR] > 错误响应 schema 完整性: Object.keys 严等 ["error"] 1ms
 ✓ tests/server.test.js > GET /factorial — int-only strict-schema + 上界 18 拒 + 跨调用递推不变量 oracle [BEHAVIOR] > 成功响应禁用同义字段（result/value/product/fact/answer/data/payload/output/sum/quotient/power/remainder 全不存在） 1ms
 ✓ tests/server.test.js > GET /factorial — int-only strict-schema + 上界 18 拒 + 跨调用递推不变量 oracle [BEHAVIOR] > query 别名锁死: value=5 → 400 不含 factorial 0ms
 ✓ tests/server.test.js > GET /factorial — int-only strict-schema + 上界 18 拒 + 跨调用递推不变量 oracle [BEHAVIOR] > query 别名锁死: num=5 → 400 0ms
 ✓ tests/server.test.js > GET /factorial — int-only strict-schema + 上界 18 拒 + 跨调用递推不变量 oracle [BEHAVIOR] > query 别名锁死: x=5 → 400 0ms
 ✓ tests/server.test.js > GET /factorial — int-only strict-schema + 上界 18 拒 + 跨调用递推不变量 oracle [BEHAVIOR] > query 别名锁死: input=5 → 400 0ms
 ✓ tests/server.test.js > GET /factorial — int-only strict-schema + 上界 18 拒 + 跨调用递推不变量 oracle [BEHAVIOR] > 回归 /health → 200 {ok:true} 1ms
 ✓ tests/server.test.js > GET /factorial — int-only strict-schema + 上界 18 拒 + 跨调用递推不变量 oracle [BEHAVIOR] > 回归 W19 /sum?a=2&b=3 → 200 + {sum:5} 0ms
 ✓ tests/server.test.js > GET /factorial — int-only strict-schema + 上界 18 拒 + 跨调用递推不变量 oracle [BEHAVIOR] > 回归 W20 /multiply?a=2&b=3 → 200 + {product:6} 0ms
 ✓ tests/server.test.js > GET /factorial — int-only strict-schema + 上界 18 拒 + 跨调用递推不变量 oracle [BEHAVIOR] > 回归 W21 /divide?a=6&b=2 → 200 + {quotient:3} 0ms
 ✓ tests/server.test.js > GET /factorial — int-only strict-schema + 上界 18 拒 + 跨调用递推不变量 oracle [BEHAVIOR] > 回归 W22 /power?a=2&b=10 → 200 + {power:1024} 0ms
 ✓ tests/server.test.js > GET /factorial — int-only strict-schema + 上界 18 拒 + 跨调用递推不变量 oracle [BEHAVIOR] > 回归 W23 /modulo?a=10&b=3 → 200 + {remainder:1} 0ms
 ✓ tests/server.test.js > GET /increment — int-only strict-schema + 精度上下界拒 + +1 算术 + schema 完整性 [BEHAVIOR] > GET /increment?value=5 → 200 + {result:6, operation:"increment"} 0ms
 ✓ tests/server.test.js > GET /increment — int-only strict-schema + 精度上下界拒 + +1 算术 + schema 完整性 [BEHAVIOR] > GET /increment?value=0 → 200 + {result:1, operation:"increment"} (off-by-one 正侧) 0ms
 ✓ tests/server.test.js > GET /increment — int-only strict-schema + 精度上下界拒 + +1 算术 + schema 完整性 [BEHAVIOR] > GET /increment?value=-1 → 200 + {result:0, operation:"increment"} (off-by-one 负侧) 0ms
 ✓ tests/server.test.js > GET /increment — int-only strict-schema + 精度上下界拒 + +1 算术 + schema 完整性 [BEHAVIOR] > GET /increment?value=1 → 200 + {result:2, operation:"increment"} 0ms
 ✓ tests/server.test.js > GET /increment — int-only strict-schema + 精度上下界拒 + +1 算术 + schema 完整性 [BEHAVIOR] > GET /increment?value=-5 → 200 + {result:-4, operation:"increment"} (负数合法) 0ms
 ✓ tests/server.test.js > GET /increment — int-only strict-schema + 精度上下界拒 + +1 算术 + schema 完整性 [BEHAVIOR] > GET /increment?value=100 → 200 + {result:101} 0ms
 ✓ tests/server.test.js > GET /increment — int-only strict-schema + 精度上下界拒 + +1 算术 + schema 完整性 [BEHAVIOR] > GET /increment?value=-100 → 200 + {result:-99} 0ms
 ✓ tests/server.test.js > GET /increment — int-only strict-schema + 精度上下界拒 + +1 算术 + schema 完整性 [BEHAVIOR] > GET /increment?value=9007199254740990 → 200 + {result:9007199254740991} (精度上界 happy) 0ms
 ✓ tests/server.test.js > GET /increment — int-only strict-schema + 精度上下界拒 + +1 算术 + schema 完整性 [BEHAVIOR] > GET /increment?value=-9007199254740990 → 200 + {result:-9007199254740989} (精度下界 happy) 0ms
 ✓ tests/server.test.js > GET /increment — schema 完整性 [BEHAVIOR] > 成功响应顶层 keys 严格等于 ["operation","result"] 0ms
 ✓ tests/server.test.js > GET /increment — schema 完整性 [BEHAVIOR] > operation 字段字面值严格 === "increment"（不许变体） 0ms
 ✓ tests/server.test.js > GET /increment — schema 完整性 [BEHAVIOR] > result 字段类型为 number 0ms
 ✓ tests/server.test.js > GET /increment — schema 完整性 [BEHAVIOR] > 成功响应不含禁用字段 incremented/next/successor/n_plus_one/plus_one/succ/inc/incr/incrementation 0ms
 ✓ tests/server.test.js > GET /increment — schema 完整性 [BEHAVIOR] > 成功响应不含 generic 禁用字段 value/input/output/data/payload/answer/meta 0ms
 ✓ tests/server.test.js > GET /increment — schema 完整性 [BEHAVIOR] > 成功响应不含其他 endpoint 字段名 sum/product/quotient/power/remainder/factorial/negation 0ms
 ✓ tests/server.test.js > GET /increment — 上界 / 下界拒 [BEHAVIOR] > GET /increment?value=9007199254740991 → 400 (上界 +1 拒) 0ms
 ✓ tests/server.test.js > GET /increment — 上界 / 下界拒 [BEHAVIOR] > GET /increment?value=-9007199254740991 → 400 (下界 -1 拒) 0ms
 ✓ tests/server.test.js > GET /increment — 上界 / 下界拒 [BEHAVIOR] > GET /increment?value=99999999999999999999 → 400 (远超上界拒) 0ms
 ✓ tests/server.test.js > GET /increment — 上界 / 下界拒 [BEHAVIOR] > 上界拒错误体顶层 keys 严格等于 ["error"] 0ms
 ✓ tests/server.test.js > GET /increment — 上界 / 下界拒 [BEHAVIOR] > 上界拒错误体不含 result 字段 0ms
 ✓ tests/server.test.js > GET /increment — 上界 / 下界拒 [BEHAVIOR] > 上界拒错误体不含 operation 字段 0ms
 ✓ tests/server.test.js > GET /increment — strict-schema 拒 [BEHAVIOR] > GET /increment?value=1.5 → 400 (拒小数) 0ms
 ✓ tests/server.test.js > GET /increment — strict-schema 拒 [BEHAVIOR] > GET /increment?value=1.0 → 400 (拒带小数点的"整数") 0ms
 ✓ tests/server.test.js > GET /increment — strict-schema 拒 [BEHAVIOR] > GET /increment?value=1e2 → 400 (拒科学计数法) 0ms
 ✓ tests/server.test.js > GET /increment — strict-schema 拒 [BEHAVIOR] > GET /increment?value=0xff → 400 (拒十六进制) 0ms
 ✓ tests/server.test.js > GET /increment — strict-schema 拒 [BEHAVIOR] > GET /increment?value=+5 → 400 (拒前导 +) 0ms
 ✓ tests/server.test.js > GET /increment — strict-schema 拒 [BEHAVIOR] > GET /increment?value=--5 → 400 (拒双重负号) 0ms
 ✓ tests/server.test.js > GET /increment — strict-schema 拒 [BEHAVIOR] > GET /increment?value=5- → 400 (拒尾部负号) 0ms
 ✓ tests/server.test.js > GET /increment — strict-schema 拒 [BEHAVIOR] > GET /increment?value=1,000 → 400 (拒千分位) 1ms
 ✓ tests/server.test.js > GET /increment — strict-schema 拒 [BEHAVIOR] > GET /increment?value=1 000 → 400 (拒含空格) 0ms
 ✓ tests/server.test.js > GET /increment — strict-schema 拒 [BEHAVIOR] > GET /increment?value= → 400 (拒空串) 0ms
 ✓ tests/server.test.js > GET /increment — strict-schema 拒 [BEHAVIOR] > GET /increment?value=abc → 400 (拒字母) 0ms
 ✓ tests/server.test.js > GET /increment — strict-schema 拒 [BEHAVIOR] > GET /increment?value=Infinity → 400 (拒 Infinity 字面) 0ms
 ✓ tests/server.test.js > GET /increment — strict-schema 拒 [BEHAVIOR] > GET /increment?value=NaN → 400 (拒 NaN 字面) 0ms
 ✓ tests/server.test.js > GET /increment — strict-schema 拒 [BEHAVIOR] > GET /increment?value=- → 400 (拒仅负号无数字) 0ms
 ✓ tests/server.test.js > GET /increment — strict-schema 拒 [BEHAVIOR] > strict 拒错误体不含 result 字段 0ms
 ✓ tests/server.test.js > GET /increment — strict-schema 拒 [BEHAVIOR] > strict 拒错误体顶层 keys 严格 = ["error"] 0ms
 ✓ tests/server.test.js > GET /increment — 缺参 / 错 query 名 [BEHAVIOR] > GET /increment（缺 value 参数） → 400 0ms
 ✓ tests/server.test.js > GET /increment — 缺参 / 错 query 名 [BEHAVIOR] > GET /increment?n=5（错 query 名 n） → 400 0ms
 ✓ tests/server.test.js > GET /increment — 缺参 / 错 query 名 [BEHAVIOR] > GET /increment?x=5（错 query 名 x） → 400 0ms
 ✓ tests/server.test.js > GET /increment — 缺参 / 错 query 名 [BEHAVIOR] > GET /increment?val=5（错 query 名 val） → 400 0ms
 ✓ tests/server.test.js > GET /increment — 缺参 / 错 query 名 [BEHAVIOR] > GET /increment?input=5（错 query 名 input） → 400 0ms
 ✓ tests/server.test.js > GET /increment — 前导 0 [BEHAVIOR] > GET /increment?value=01 → 200 + {result:2}（不许错用八进制） 0ms
 ✓ tests/server.test.js > GET /increment — 前导 0 [BEHAVIOR] > GET /increment?value=-01 → 200 + {result:0} 0ms
 ✓ tests/server.test.js > GET /increment — 7 已有路由回归 [BEHAVIOR] > GET /health → 200 {ok:true} 0ms
 ✓ tests/server.test.js > GET /increment — 7 已有路由回归 [BEHAVIOR] > GET /sum?a=2&b=3 → 200 {sum:5} 0ms
 ✓ tests/server.test.js > GET /increment — 7 已有路由回归 [BEHAVIOR] > GET /multiply?a=2&b=3 → 200 {product:6} 0ms
 ✓ tests/server.test.js > GET /increment — 7 已有路由回归 [BEHAVIOR] > GET /divide?a=6&b=3 → 200 {quotient:2} 0ms
 ✓ tests/server.test.js > GET /increment — 7 已有路由回归 [BEHAVIOR] > GET /power?a=2&b=3 → 200 {power:8} 0ms
 ✓ tests/server.test.js > GET /increment — 7 已有路由回归 [BEHAVIOR] > GET /modulo?a=7&b=3 → 200 {remainder:1} 0ms
 ✓ tests/server.test.js > GET /increment — 7 已有路由回归 [BEHAVIOR] > GET /factorial?n=5 → 200 {factorial:120} 0ms
 ✓ tests/server.test.js > GET /decrement > GET /decrement?value=5 → 200 + {result:4, operation:"decrement"}（字面严等） 0ms
 ✓ tests/server.test.js > GET /decrement > GET /decrement?value=0 → 200 + {result:-1, operation:"decrement"} 21ms
 ✓ tests/server.test.js > GET /decrement > GET /decrement?value=1 → 200 + {result:0, operation:"decrement"} 0ms
 ✓ tests/server.test.js > GET /decrement > GET /decrement?value=-1 → 200 + {result:-2, operation:"decrement"} 0ms
 ✓ tests/server.test.js > GET /decrement > success 响应顶层 keys 严格等于 [operation, result] 0ms
 ✓ tests/server.test.js > GET /decrement > success 响应反向不含 PRD 完整 19 个禁用字段名 0ms
 ✓ tests/server.test.js > GET /decrement > success 响应 operation 字面 "decrement"，PRD 禁用 8 变体一律不等 1ms
 ✓ tests/server.test.js > GET /decrement > 精度上界 happy: value=9007199254740990 → 200 + {result:9007199254740989, operation:"decrement"} 0ms
 ✓ tests/server.test.js > GET /decrement > 精度下界 happy: value=-9007199254740990 → 200 + {result:-9007199254740991, operation:"decrement"} 1ms
 ✓ tests/server.test.js > GET /decrement > 精度上界拒: value=9007199254740991 → 400 0ms
 ✓ tests/server.test.js > GET /decrement > 精度下界拒: value=-9007199254740991 → 400 0ms
 ✓ tests/server.test.js > GET /decrement > 错误路径 value=foo → 400 + 错误体 keys 严格等于 [error] 且不含 result/operation 0ms
 ✓ tests/server.test.js > GET /decrement > 错误体反向不含 4 个 PRD 禁用替代错误名 message/msg/reason/detail 0ms
 ✓ tests/server.test.js > GET /decrement > strict-schema 非法输入全 400 (1.5 / 1e2 / abc / +5 / 空串 / 缺 value / 0x10 / Infinity) 2ms
 ✓ tests/server.test.js > GET /decrement > PRD 完整 9 个禁用 query 名 (n/x/a/b/num/number/input/v/val) 全 400 3ms

⎯⎯⎯⎯⎯⎯⎯ Failed Tests 4 ⎯⎯⎯⎯⎯⎯⎯

 FAIL  tests/echo.test.js > GET /echo > GET /echo?msg=hello → 200 + {echo: "hello"}
AssertionError: expected 404 to be 200 // Object.is equality

- Expected
+ Received

- 200
+ 404

 ❯ tests/echo.test.js:8:24
      6|   test('GET /echo?msg=hello → 200 + {echo: "hello"}', async () => {
      7|     const res = await request(app).get('/echo').query({ msg: 'hello' }…
      8|     expect(res.status).toBe(200);
       |                        ^
      9|     expect(res.body).toEqual({ echo: 'hello' });
     10|   });

⎯⎯⎯⎯⎯⎯⎯⎯⎯⎯⎯⎯⎯⎯⎯⎯⎯⎯⎯⎯⎯⎯⎯⎯[1/4]⎯

 FAIL  tests/echo.test.js > GET /echo > GET /echo?msg= → 200 + {echo: ""}（空字符串非 null）
AssertionError: expected 404 to be 200 // Object.is equality

- Expected
+ Received

- 200
+ 404

 ❯ tests/echo.test.js:14:24
     12|   test('GET /echo?msg= → 200 + {echo: ""}（空字符串非 null）', async () => {
     13|     const res = await request(app).get('/echo').query({ msg: '' });
     14|     expect(res.status).toBe(200);
       |                        ^
     15|     expect(res.body.echo).toBe('');
     16|     expect(res.body.echo).not.toBeNull();

⎯⎯⎯⎯⎯⎯⎯⎯⎯⎯⎯⎯⎯⎯⎯⎯⎯⎯⎯⎯⎯⎯⎯⎯[2/4]⎯

 FAIL  tests/echo.test.js > GET /echo > response keys 完整性 == ["echo"]（不允许多余字段）
AssertionError: expected 404 to be 200 // Object.is equality

- Expected
+ Received

- 200
+ 404

 ❯ tests/echo.test.js:21:24
     19|   test('response keys 完整性 == ["echo"]（不允许多余字段）', async () => {
     20|     const res = await request(app).get('/echo').query({ msg: 'test' });
     21|     expect(res.status).toBe(200);
       |                        ^
     22|     expect(Object.keys(res.body)).toEqual(['echo']);
     23|   });

⎯⎯⎯⎯⎯⎯⎯⎯⎯⎯⎯⎯⎯⎯⎯⎯⎯⎯⎯⎯⎯⎯⎯⎯[3/4]⎯

 FAIL  tests/echo.test.js > GET /echo > 禁用 key 反向：message/result/response/data/output/text/reply/body/msg 均不存在
AssertionError: expected 404 to be 200 // Object.is equality

- Expected
+ Received

- 200
+ 404

 ❯ tests/echo.test.js:27:24
     25|   test('禁用 key 反向：message/result/response/data/output/text/reply/body/…
     26|     const res = await request(app).get('/echo').query({ msg: 'hello' }…
     27|     expect(res.status).toBe(200);
       |                        ^
     28|     const forbidden = ['message', 'result', 'response', 'data', 'outpu…
     29|     for (const key of forbidden) {

⎯⎯⎯⎯⎯⎯⎯⎯⎯⎯⎯⎯⎯⎯⎯⎯⎯⎯⎯⎯⎯⎯⎯⎯[4/4]⎯


 Test Files  1 failed | 1 passed (2)
      Tests  4 failed | 219 passed (223)
   Start at  03:01:33
   Duration  575ms (transform 357ms, setup 0ms, import 594ms, tests 195ms, environment 0ms)

npm notice
npm notice New major version of npm available! 10.8.2 -> 11.14.1
npm notice Changelog: https://github.com/npm/cli/releases/tag/v11.14.1
npm notice To update run: npm install -g npm@11.14.1
npm notice
